<?xml version="1.0" encoding="UTF-8"?>
<!-- Generated by org.testng.reporters.JUnitReportReporter -->
<testsuite hostname="DESKTOP-PHLK2G6" failures="0" tests="6" name="com.testpackage.GoogleTest" time="54.665" errors="0" timestamp="2021-08-23T21:37:48 EDT" skipped="0">
  <testcase classname="com.testpackage.GoogleTest" name="googleTitle" time="7.699"/>
  <system-out/>
  <testcase classname="com.testpackage.GoogleTest" name="mailLinkTest" time="7.267"/>
  <system-out/>
  <testcase classname="com.testpackage.GoogleTest" name="googleLOgoTest" time="6.581"/>
  <system-out/>
  <testcase classname="com.testpackage.GoogleTest" name="test4" time="7.231"/>
  <system-out/>
  <testcase classname="com.testpackage.GoogleTest" name="test5" time="6.170"/>
  <system-out/>
  <testcase classname="com.testpackage.GoogleTest" name="test6" time="19.717"/>
  <system-out/>
</testsuite> <!-- com.testpackage.GoogleTest -->
