<?xml version="1.0" encoding="UTF-8"?>
<!-- Generated by org.testng.reporters.JUnitReportReporter -->
<testsuite hostname="DESKTOP-PHLK2G6" failures="0" tests="2" name="com.testpackage.AsserTionMethod" time="13.144" errors="0" timestamp="2021-08-23T21:37:48 EDT" skipped="0">
  <testcase classname="com.testpackage.AsserTionMethod" name="googleTitle" time="6.066"/>
  <system-out/>
  <testcase classname="com.testpackage.AsserTionMethod" name="googleLOgoTest" time="7.078"/>
  <system-out/>
</testsuite> <!-- com.testpackage.AsserTionMethod -->
